<?xml version="1.0" encoding="UTF-8"?>
<!-- Generated by org.testng.reporters.JUnitXMLReporter -->
<testsuite ignored="10" hostname="LTIN486088" failures="3" tests="5" name="Edge Test" time="54.554" errors="0" timestamp="2024-03-28T16:31:13 IST">
  <testcase classname="TestCase.TC_01_UserValidation" name="userInfo" time="7.178"/>
  <testcase classname="TestCase.TC_02_WelcomeTextValidation" name="windowSwitch" time="26.293"/>
  <testcase classname="TestCase.TC_03_DefaultCountry_Language" name="countryDef" time="2.35">
    <failure type="java.lang.AssertionError" message="null">
      <![CDATA[java.lang.AssertionError: null
at TestCase.TC_03_DefaultCountry_Language.countryDef(TC_03_DefaultCountry_Language.java:51)
at java.base/java.util.ArrayList.forEach(ArrayList.java:1511)
... Removed 29 stack frames]]>
    </failure>
  </testcase> <!-- countryDef -->
  <testcase classname="TestCase.TC_04_Language_DropDown" name="listLang" time="0.008">
    <failure type="java.lang.AssertionError" message="null">
      <![CDATA[java.lang.AssertionError: null
at TestCase.TC_04_Language_DropDown.listLang(TC_04_Language_DropDown.java:18)
at java.base/java.util.ArrayList.forEach(ArrayList.java:1511)
... Removed 29 stack frames]]>
    </failure>
  </testcase> <!-- listLang -->
  <testcase classname="TestCase.TC_05_ToolTipList" name="validateGsdDetails" time="0.001">
    <failure type="java.lang.NullPointerException" message="Cannot invoke &amp;quot;org.apache.logging.log4j.Logger.info(String)&amp;quot; because &amp;quot;TestCase.TC_05_ToolTipList.logger&amp;quot; is null">
      <![CDATA[java.lang.NullPointerException: Cannot invoke "org.apache.logging.log4j.Logger.info(String)" because "TestCase.TC_05_ToolTipList.logger" is null
at TestCase.TC_05_ToolTipList.validateGsdDetails(TC_05_ToolTipList.java:22)
at java.base/java.util.ArrayList.forEach(ArrayList.java:1511)
... Removed 27 stack frames]]>
    </failure>
  </testcase> <!-- validateGsdDetails -->
  <testcase classname="TestBase.BaseClass" name="@AfterTest exit" time="0.0">
    <ignored/>
  </testcase> <!-- @AfterTest exit -->
  <testcase classname="TestBase.BaseClass" name="@AfterTest exit" time="0.0">
    <ignored/>
  </testcase> <!-- @AfterTest exit -->
  <testcase classname="TestBase.BaseClass" name="@AfterTest exit" time="0.0">
    <ignored/>
  </testcase> <!-- @AfterTest exit -->
  <testcase classname="TestBase.BaseClass" name="@AfterTest exit" time="0.0">
    <ignored/>
  </testcase> <!-- @AfterTest exit -->
  <testcase classname="TestBase.BaseClass" name="@BeforeTest setup" time="0.0">
    <ignored/>
  </testcase> <!-- @BeforeTest setup -->
  <testcase classname="TestBase.BaseClass" name="@BeforeTest setup" time="0.0">
    <ignored/>
  </testcase> <!-- @BeforeTest setup -->
  <testcase classname="TestBase.BaseClass" name="@BeforeTest setup" time="0.0">
    <ignored/>
  </testcase> <!-- @BeforeTest setup -->
  <testcase classname="TestBase.BaseClass" name="@AfterTest exit" time="0.0">
    <ignored/>
  </testcase> <!-- @AfterTest exit -->
  <testcase classname="TestBase.BaseClass" name="@BeforeTest setup" time="0.0">
    <ignored/>
  </testcase> <!-- @BeforeTest setup -->
  <testcase classname="TestBase.BaseClass" name="@BeforeTest setup" time="0.0">
    <ignored/>
  </testcase> <!-- @BeforeTest setup -->
</testsuite> <!-- Edge Test -->
